🩺 The doctor is checking the health of your Storybook..
╭ Incompatible packages found ──────────────────────────────────────────────╮
│                                                                           │
│   The following packages are incompatible with Storybook 7.6.15 as they   │
│   depend on different major versions of Storybook packages:               │
│   - storybook@8.2.9                                                       │
│   Repo: https://github.com/storybookjs/storybook/tree/next/code/lib/cli   │
│   - @storybook/addon-essentials@8.2.9                                     │
│   Repo: https://github.com/storybookjs/storybook/tree/next/code/addons/   │
│   essentials                                                              │
│   - @storybook/addon-interactions@8.2.9                                   │
│   Repo: https://github.com/storybookjs/storybook/tree/next/code/addons/   │
│   interactions                                                            │
│   - @storybook/core-server@8.2.9                                          │
│   Repo: https://github.com/storybookjs/storybook/tree/next/code/lib/cor   │
│   e-server                                                                │
│   - @storybook/test@8.2.9                                                 │
│   Repo:                                                                   │
│   https://github.com/storybookjs/storybook/tree/next/code/lib/test        │
│                                                                           │
│                                                                           │
│   Please consider updating your packages or contacting the maintainers    │
│   for compatibility details.                                              │
│   For more on Storybook 8 compatibility, see the linked GitHub issue:     │
│   https://github.com/storybookjs/storybook/issues/26031                   │
│                                                                           │
╰───────────────────────────────────────────────────────────────────────────╯

You can always recheck the health of your project by running:
npx storybook doctor

Full logs are available in /Users/emily/code/nx-expo-monorepo/doctor-storybook.log

